
*** Running vivado
    with args -log lab5_b.vdi -applog -m64 -product Vivado -messageDb vivado.pb -mode batch -source lab5_b.tcl -notrace


****** Vivado v2024.2 (64-bit)
  **** SW Build 5239630 on Fri Nov 08 22:34:34 MST 2024
  **** IP Build 5239520 on Sun Nov 10 16:12:51 MST 2024
  **** SharedData Build 5239561 on Fri Nov 08 14:39:27 MST 2024
  **** Start of session at: Wed Nov 12 21:51:10 2025
    ** Copyright 1986-2022 Xilinx, Inc. All Rights Reserved.
    ** Copyright 2022-2024 Advanced Micro Devices, Inc. All Rights Reserved.

source lab5_b.tcl -notrace
create_project: Time (s): cpu = 00:00:06 ; elapsed = 00:00:06 . Memory (MB): peak = 1366.473 ; gain = 0.023 ; free physical = 24852 ; free virtual = 30387
Command: link_design -top lab5_b -part xc7a100tcsg324-1
Design is defaulting to srcset: sources_1
Design is defaulting to constrset: constrs_1
INFO: [Device 21-403] Loading part xc7a100tcsg324-1
Netlist sorting complete. Time (s): cpu = 00:00:00 ; elapsed = 00:00:00 . Memory (MB): peak = 1490.855 ; gain = 0.000 ; free physical = 24761 ; free virtual = 30296
INFO: [Project 1-479] Netlist was created with Vivado 2024.2
INFO: [Project 1-570] Preparing netlist for logic optimization
Parsing XDC File [/home/tahmed/Downloads/project_3/Nexys-4-DDR-Master.xdc]
WARNING: [Vivado 12-584] No ports matched 'SW[4]'. [/home/tahmed/Downloads/project_3/Nexys-4-DDR-Master.xdc:17]
CRITICAL WARNING: [Common 17-55] 'set_property' expects at least one object. [/home/tahmed/Downloads/project_3/Nexys-4-DDR-Master.xdc:17]
Resolution: If [get_<value>] was used to populate the object, check to make sure this command returns at least one valid object.
WARNING: [Vivado 12-584] No ports matched 'SW[5]'. [/home/tahmed/Downloads/project_3/Nexys-4-DDR-Master.xdc:18]
CRITICAL WARNING: [Common 17-55] 'set_property' expects at least one object. [/home/tahmed/Downloads/project_3/Nexys-4-DDR-Master.xdc:18]
Resolution: If [get_<value>] was used to populate the object, check to make sure this command returns at least one valid object.
WARNING: [Vivado 12-584] No ports matched 'SW[6]'. [/home/tahmed/Downloads/project_3/Nexys-4-DDR-Master.xdc:19]
CRITICAL WARNING: [Common 17-55] 'set_property' expects at least one object. [/home/tahmed/Downloads/project_3/Nexys-4-DDR-Master.xdc:19]
Resolution: If [get_<value>] was used to populate the object, check to make sure this command returns at least one valid object.
WARNING: [Vivado 12-584] No ports matched 'SW[7]'. [/home/tahmed/Downloads/project_3/Nexys-4-DDR-Master.xdc:20]
CRITICAL WARNING: [Common 17-55] 'set_property' expects at least one object. [/home/tahmed/Downloads/project_3/Nexys-4-DDR-Master.xdc:20]
Resolution: If [get_<value>] was used to populate the object, check to make sure this command returns at least one valid object.
WARNING: [Vivado 12-584] No ports matched 'SW[8]'. [/home/tahmed/Downloads/project_3/Nexys-4-DDR-Master.xdc:21]
CRITICAL WARNING: [Common 17-55] 'set_property' expects at least one object. [/home/tahmed/Downloads/project_3/Nexys-4-DDR-Master.xdc:21]
Resolution: If [get_<value>] was used to populate the object, check to make sure this command returns at least one valid object.
WARNING: [Vivado 12-584] No ports matched 'SW[9]'. [/home/tahmed/Downloads/project_3/Nexys-4-DDR-Master.xdc:22]
CRITICAL WARNING: [Common 17-55] 'set_property' expects at least one object. [/home/tahmed/Downloads/project_3/Nexys-4-DDR-Master.xdc:22]
Resolution: If [get_<value>] was used to populate the object, check to make sure this command returns at least one valid object.
WARNING: [Vivado 12-584] No ports matched 'SW[10]'. [/home/tahmed/Downloads/project_3/Nexys-4-DDR-Master.xdc:23]
CRITICAL WARNING: [Common 17-55] 'set_property' expects at least one object. [/home/tahmed/Downloads/project_3/Nexys-4-DDR-Master.xdc:23]
Resolution: If [get_<value>] was used to populate the object, check to make sure this command returns at least one valid object.
WARNING: [Vivado 12-584] No ports matched 'SW[11]'. [/home/tahmed/Downloads/project_3/Nexys-4-DDR-Master.xdc:24]
CRITICAL WARNING: [Common 17-55] 'set_property' expects at least one object. [/home/tahmed/Downloads/project_3/Nexys-4-DDR-Master.xdc:24]
Resolution: If [get_<value>] was used to populate the object, check to make sure this command returns at least one valid object.
WARNING: [Vivado 12-584] No ports matched 'SW[12]'. [/home/tahmed/Downloads/project_3/Nexys-4-DDR-Master.xdc:25]
CRITICAL WARNING: [Common 17-55] 'set_property' expects at least one object. [/home/tahmed/Downloads/project_3/Nexys-4-DDR-Master.xdc:25]
Resolution: If [get_<value>] was used to populate the object, check to make sure this command returns at least one valid object.
WARNING: [Vivado 12-584] No ports matched 'SW[13]'. [/home/tahmed/Downloads/project_3/Nexys-4-DDR-Master.xdc:26]
CRITICAL WARNING: [Common 17-55] 'set_property' expects at least one object. [/home/tahmed/Downloads/project_3/Nexys-4-DDR-Master.xdc:26]
Resolution: If [get_<value>] was used to populate the object, check to make sure this command returns at least one valid object.
WARNING: [Vivado 12-584] No ports matched 'SW[14]'. [/home/tahmed/Downloads/project_3/Nexys-4-DDR-Master.xdc:27]
CRITICAL WARNING: [Common 17-55] 'set_property' expects at least one object. [/home/tahmed/Downloads/project_3/Nexys-4-DDR-Master.xdc:27]
Resolution: If [get_<value>] was used to populate the object, check to make sure this command returns at least one valid object.
WARNING: [Vivado 12-584] No ports matched 'SW[15]'. [/home/tahmed/Downloads/project_3/Nexys-4-DDR-Master.xdc:28]
CRITICAL WARNING: [Common 17-55] 'set_property' expects at least one object. [/home/tahmed/Downloads/project_3/Nexys-4-DDR-Master.xdc:28]
Resolution: If [get_<value>] was used to populate the object, check to make sure this command returns at least one valid object.
WARNING: [Vivado 12-584] No ports matched 'LED[3]'. [/home/tahmed/Downloads/project_3/Nexys-4-DDR-Master.xdc:36]
CRITICAL WARNING: [Common 17-55] 'set_property' expects at least one object. [/home/tahmed/Downloads/project_3/Nexys-4-DDR-Master.xdc:36]
Resolution: If [get_<value>] was used to populate the object, check to make sure this command returns at least one valid object.
WARNING: [Vivado 12-584] No ports matched 'LED[4]'. [/home/tahmed/Downloads/project_3/Nexys-4-DDR-Master.xdc:37]
CRITICAL WARNING: [Common 17-55] 'set_property' expects at least one object. [/home/tahmed/Downloads/project_3/Nexys-4-DDR-Master.xdc:37]
Resolution: If [get_<value>] was used to populate the object, check to make sure this command returns at least one valid object.
WARNING: [Vivado 12-584] No ports matched 'LED[5]'. [/home/tahmed/Downloads/project_3/Nexys-4-DDR-Master.xdc:38]
CRITICAL WARNING: [Common 17-55] 'set_property' expects at least one object. [/home/tahmed/Downloads/project_3/Nexys-4-DDR-Master.xdc:38]
Resolution: If [get_<value>] was used to populate the object, check to make sure this command returns at least one valid object.
WARNING: [Vivado 12-584] No ports matched 'LED[6]'. [/home/tahmed/Downloads/project_3/Nexys-4-DDR-Master.xdc:39]
CRITICAL WARNING: [Common 17-55] 'set_property' expects at least one object. [/home/tahmed/Downloads/project_3/Nexys-4-DDR-Master.xdc:39]
Resolution: If [get_<value>] was used to populate the object, check to make sure this command returns at least one valid object.
WARNING: [Vivado 12-584] No ports matched 'LED[7]'. [/home/tahmed/Downloads/project_3/Nexys-4-DDR-Master.xdc:40]
CRITICAL WARNING: [Common 17-55] 'set_property' expects at least one object. [/home/tahmed/Downloads/project_3/Nexys-4-DDR-Master.xdc:40]
Resolution: If [get_<value>] was used to populate the object, check to make sure this command returns at least one valid object.
WARNING: [Vivado 12-584] No ports matched 'LED[8]'. [/home/tahmed/Downloads/project_3/Nexys-4-DDR-Master.xdc:41]
CRITICAL WARNING: [Common 17-55] 'set_property' expects at least one object. [/home/tahmed/Downloads/project_3/Nexys-4-DDR-Master.xdc:41]
Resolution: If [get_<value>] was used to populate the object, check to make sure this command returns at least one valid object.
WARNING: [Vivado 12-584] No ports matched 'LED[9]'. [/home/tahmed/Downloads/project_3/Nexys-4-DDR-Master.xdc:42]
CRITICAL WARNING: [Common 17-55] 'set_property' expects at least one object. [/home/tahmed/Downloads/project_3/Nexys-4-DDR-Master.xdc:42]
Resolution: If [get_<value>] was used to populate the object, check to make sure this command returns at least one valid object.
WARNING: [Vivado 12-584] No ports matched 'LED[10]'. [/home/tahmed/Downloads/project_3/Nexys-4-DDR-Master.xdc:43]
CRITICAL WARNING: [Common 17-55] 'set_property' expects at least one object. [/home/tahmed/Downloads/project_3/Nexys-4-DDR-Master.xdc:43]
Resolution: If [get_<value>] was used to populate the object, check to make sure this command returns at least one valid object.
WARNING: [Vivado 12-584] No ports matched 'LED[11]'. [/home/tahmed/Downloads/project_3/Nexys-4-DDR-Master.xdc:44]
CRITICAL WARNING: [Common 17-55] 'set_property' expects at least one object. [/home/tahmed/Downloads/project_3/Nexys-4-DDR-Master.xdc:44]
Resolution: If [get_<value>] was used to populate the object, check to make sure this command returns at least one valid object.
WARNING: [Vivado 12-584] No ports matched 'LED[12]'. [/home/tahmed/Downloads/project_3/Nexys-4-DDR-Master.xdc:45]
CRITICAL WARNING: [Common 17-55] 'set_property' expects at least one object. [/home/tahmed/Downloads/project_3/Nexys-4-DDR-Master.xdc:45]
Resolution: If [get_<value>] was used to populate the object, check to make sure this command returns at least one valid object.
WARNING: [Vivado 12-584] No ports matched 'LED[13]'. [/home/tahmed/Downloads/project_3/Nexys-4-DDR-Master.xdc:46]
CRITICAL WARNING: [Common 17-55] 'set_property' expects at least one object. [/home/tahmed/Downloads/project_3/Nexys-4-DDR-Master.xdc:46]
Resolution: If [get_<value>] was used to populate the object, check to make sure this command returns at least one valid object.
WARNING: [Vivado 12-584] No ports matched 'LED[14]'. [/home/tahmed/Downloads/project_3/Nexys-4-DDR-Master.xdc:47]
CRITICAL WARNING: [Common 17-55] 'set_property' expects at least one object. [/home/tahmed/Downloads/project_3/Nexys-4-DDR-Master.xdc:47]
Resolution: If [get_<value>] was used to populate the object, check to make sure this command returns at least one valid object.
WARNING: [Vivado 12-584] No ports matched 'LED[15]'. [/home/tahmed/Downloads/project_3/Nexys-4-DDR-Master.xdc:48]
CRITICAL WARNING: [Common 17-55] 'set_property' expects at least one object. [/home/tahmed/Downloads/project_3/Nexys-4-DDR-Master.xdc:48]
Resolution: If [get_<value>] was used to populate the object, check to make sure this command returns at least one valid object.
WARNING: [Vivado 12-584] No ports matched 'LED17_B'. [/home/tahmed/Downloads/project_3/Nexys-4-DDR-Master.xdc:53]
CRITICAL WARNING: [Common 17-55] 'set_property' expects at least one object. [/home/tahmed/Downloads/project_3/Nexys-4-DDR-Master.xdc:53]
Resolution: If [get_<value>] was used to populate the object, check to make sure this command returns at least one valid object.
WARNING: [Vivado 12-584] No ports matched 'LED17_G'. [/home/tahmed/Downloads/project_3/Nexys-4-DDR-Master.xdc:54]
CRITICAL WARNING: [Common 17-55] 'set_property' expects at least one object. [/home/tahmed/Downloads/project_3/Nexys-4-DDR-Master.xdc:54]
Resolution: If [get_<value>] was used to populate the object, check to make sure this command returns at least one valid object.
WARNING: [Vivado 12-584] No ports matched 'LED17_R'. [/home/tahmed/Downloads/project_3/Nexys-4-DDR-Master.xdc:55]
CRITICAL WARNING: [Common 17-55] 'set_property' expects at least one object. [/home/tahmed/Downloads/project_3/Nexys-4-DDR-Master.xdc:55]
Resolution: If [get_<value>] was used to populate the object, check to make sure this command returns at least one valid object.
Finished Parsing XDC File [/home/tahmed/Downloads/project_3/Nexys-4-DDR-Master.xdc]
INFO: [Opt 31-138] Pushed 0 inverter(s) to 0 load pin(s).
Netlist sorting complete. Time (s): cpu = 00:00:00.01 ; elapsed = 00:00:00 . Memory (MB): peak = 1712.414 ; gain = 0.000 ; free physical = 24661 ; free virtual = 30196
INFO: [Project 1-111] Unisim Transformation Summary:
No Unisim elements were transformed.

5 Infos, 28 Warnings, 28 Critical Warnings and 0 Errors encountered.
link_design completed successfully
link_design: Time (s): cpu = 00:00:06 ; elapsed = 00:00:08 . Memory (MB): peak = 1718.352 ; gain = 351.879 ; free physical = 24661 ; free virtual = 30196
Command: opt_design
Attempting to get a license for feature 'Implementation' and/or device 'xc7a100t'
INFO: [Common 17-349] Got license for feature 'Implementation' and/or device 'xc7a100t'
Running DRC as a precondition to command opt_design

Starting DRC Task
INFO: [DRC 23-27] Running DRC with 8 threads
INFO: [Project 1-461] DRC finished with 0 Errors
INFO: [Project 1-462] Please refer to the DRC report (report_drc) for more information.

Time (s): cpu = 00:00:00.89 ; elapsed = 00:00:00.75 . Memory (MB): peak = 1730.258 ; gain = 11.906 ; free physical = 24643 ; free virtual = 30178

Starting Cache Timing Information Task
INFO: [Timing 38-35] Done setting XDC timing constraints.
Ending Cache Timing Information Task | Checksum: 1a6c8c963

Time (s): cpu = 00:00:10 ; elapsed = 00:00:10 . Memory (MB): peak = 2193.023 ; gain = 462.766 ; free physical = 24213 ; free virtual = 29747

Starting Logic Optimization Task

Phase 1 Initialization

Phase 1.1 Core Generation And Design Setup
Phase 1.1 Core Generation And Design Setup | Checksum: 1a6c8c963

Time (s): cpu = 00:00:00 ; elapsed = 00:00:00 . Memory (MB): peak = 2537.914 ; gain = 0.000 ; free physical = 23883 ; free virtual = 29417

Phase 1.2 Setup Constraints And Sort Netlist
Phase 1.2 Setup Constraints And Sort Netlist | Checksum: 1a6c8c963

Time (s): cpu = 00:00:00 ; elapsed = 00:00:00.01 . Memory (MB): peak = 2537.914 ; gain = 0.000 ; free physical = 23883 ; free virtual = 29417
Phase 1 Initialization | Checksum: 1a6c8c963

Time (s): cpu = 00:00:00 ; elapsed = 00:00:00.01 . Memory (MB): peak = 2537.914 ; gain = 0.000 ; free physical = 23883 ; free virtual = 29417

Phase 2 Timer Update And Timing Data Collection

Phase 2.1 Timer Update
Phase 2.1 Timer Update | Checksum: 1a6c8c963

Time (s): cpu = 00:00:00.01 ; elapsed = 00:00:00.01 . Memory (MB): peak = 2537.914 ; gain = 0.000 ; free physical = 23883 ; free virtual = 29417

Phase 2.2 Timing Data Collection
Phase 2.2 Timing Data Collection | Checksum: 1a6c8c963

Time (s): cpu = 00:00:00.01 ; elapsed = 00:00:00.02 . Memory (MB): peak = 2537.914 ; gain = 0.000 ; free physical = 23883 ; free virtual = 29417
Phase 2 Timer Update And Timing Data Collection | Checksum: 1a6c8c963

Time (s): cpu = 00:00:00.02 ; elapsed = 00:00:00.02 . Memory (MB): peak = 2537.914 ; gain = 0.000 ; free physical = 23883 ; free virtual = 29417

Phase 3 Retarget
INFO: [Opt 31-1851] Number of loadless carry chains removed were: 0
INFO: [Opt 31-1834] Total Chains To Be Transformed Were: 0 AND Number of Transformed insts Created are: 0
INFO: [Opt 31-138] Pushed 0 inverter(s) to 0 load pin(s).
INFO: [Opt 31-49] Retargeted 0 cell(s).
Phase 3 Retarget | Checksum: 1a6c8c963

Time (s): cpu = 00:00:00.02 ; elapsed = 00:00:00.03 . Memory (MB): peak = 2537.914 ; gain = 0.000 ; free physical = 23883 ; free virtual = 29417
Retarget | Checksum: 1a6c8c963
INFO: [Opt 31-389] Phase Retarget created 0 cells and removed 0 cells

Phase 4 Constant propagation
INFO: [Opt 31-138] Pushed 0 inverter(s) to 0 load pin(s).
Phase 4 Constant propagation | Checksum: 1a6c8c963

Time (s): cpu = 00:00:00.03 ; elapsed = 00:00:00.03 . Memory (MB): peak = 2537.914 ; gain = 0.000 ; free physical = 23883 ; free virtual = 29417
Constant propagation | Checksum: 1a6c8c963
INFO: [Opt 31-389] Phase Constant propagation created 0 cells and removed 0 cells

Phase 5 Sweep
INFO: [Constraints 18-11670] Building netlist checker database with flags, 0x8
Done building netlist checker database: Time (s): cpu = 00:00:00 ; elapsed = 00:00:00 . Memory (MB): peak = 2537.914 ; gain = 0.000 ; free physical = 23883 ; free virtual = 29417
Phase 5 Sweep | Checksum: 1a6c8c963

Time (s): cpu = 00:00:00.03 ; elapsed = 00:00:00.03 . Memory (MB): peak = 2537.914 ; gain = 0.000 ; free physical = 23883 ; free virtual = 29417
Sweep | Checksum: 1a6c8c963
INFO: [Opt 31-389] Phase Sweep created 0 cells and removed 0 cells

Phase 6 BUFG optimization
Phase 6 BUFG optimization | Checksum: 1a6c8c963

Time (s): cpu = 00:00:00.04 ; elapsed = 00:00:00.04 . Memory (MB): peak = 2569.930 ; gain = 32.016 ; free physical = 23883 ; free virtual = 29417
BUFG optimization | Checksum: 1a6c8c963
INFO: [Opt 31-662] Phase BUFG optimization created 0 cells of which 0 are BUFGs and removed 0 cells.

Phase 7 Shift Register Optimization
INFO: [Opt 31-1064] SRL Remap converted 0 SRLs to 0 registers and converted 0 registers of register chains to 0 SRLs
Phase 7 Shift Register Optimization | Checksum: 1a6c8c963

Time (s): cpu = 00:00:00.04 ; elapsed = 00:00:00.04 . Memory (MB): peak = 2569.930 ; gain = 32.016 ; free physical = 23883 ; free virtual = 29417
Shift Register Optimization | Checksum: 1a6c8c963
INFO: [Opt 31-389] Phase Shift Register Optimization created 0 cells and removed 0 cells

Phase 8 Post Processing Netlist
Phase 8 Post Processing Netlist | Checksum: 1a6c8c963

Time (s): cpu = 00:00:00.04 ; elapsed = 00:00:00.04 . Memory (MB): peak = 2569.930 ; gain = 32.016 ; free physical = 23883 ; free virtual = 29417
Post Processing Netlist | Checksum: 1a6c8c963
INFO: [Opt 31-389] Phase Post Processing Netlist created 0 cells and removed 0 cells

Phase 9 Finalization

Phase 9.1 Finalizing Design Cores and Updating Shapes
Phase 9.1 Finalizing Design Cores and Updating Shapes | Checksum: 1a6c8c963

Time (s): cpu = 00:00:00.05 ; elapsed = 00:00:00.05 . Memory (MB): peak = 2569.930 ; gain = 32.016 ; free physical = 23883 ; free virtual = 29417

Phase 9.2 Verifying Netlist Connectivity

Starting Connectivity Check Task

Time (s): cpu = 00:00:00 ; elapsed = 00:00:00 . Memory (MB): peak = 2569.930 ; gain = 0.000 ; free physical = 23883 ; free virtual = 29417
Phase 9.2 Verifying Netlist Connectivity | Checksum: 1a6c8c963

Time (s): cpu = 00:00:00.05 ; elapsed = 00:00:00.05 . Memory (MB): peak = 2569.930 ; gain = 32.016 ; free physical = 23883 ; free virtual = 29417
Phase 9 Finalization | Checksum: 1a6c8c963

Time (s): cpu = 00:00:00.05 ; elapsed = 00:00:00.05 . Memory (MB): peak = 2569.930 ; gain = 32.016 ; free physical = 23883 ; free virtual = 29417
Opt_design Change Summary
=========================


-------------------------------------------------------------------------------------------------------------------------
|  Phase                        |  #Cells created  |  #Cells Removed  |  #Constrained objects preventing optimizations  |
-------------------------------------------------------------------------------------------------------------------------
|  Retarget                     |               0  |               0  |                                              0  |
|  Constant propagation         |               0  |               0  |                                              0  |
|  Sweep                        |               0  |               0  |                                              0  |
|  BUFG optimization            |               0  |               0  |                                              0  |
|  Shift Register Optimization  |               0  |               0  |                                              0  |
|  Post Processing Netlist      |               0  |               0  |                                              0  |
-------------------------------------------------------------------------------------------------------------------------


Ending Logic Optimization Task | Checksum: 1a6c8c963

Time (s): cpu = 00:00:00.05 ; elapsed = 00:00:00.05 . Memory (MB): peak = 2569.930 ; gain = 32.016 ; free physical = 23883 ; free virtual = 29417

Starting Power Optimization Task
INFO: [Pwropt 34-132] Skipping clock gating for clocks with a period < 2.00 ns.
Ending Power Optimization Task | Checksum: 1a6c8c963

Time (s): cpu = 00:00:00.01 ; elapsed = 00:00:00.01 . Memory (MB): peak = 2569.930 ; gain = 0.000 ; free physical = 23883 ; free virtual = 29417

Starting Final Cleanup Task
Ending Final Cleanup Task | Checksum: 1a6c8c963

Time (s): cpu = 00:00:00 ; elapsed = 00:00:00 . Memory (MB): peak = 2569.930 ; gain = 0.000 ; free physical = 23883 ; free virtual = 29417

Starting Netlist Obfuscation Task
Netlist sorting complete. Time (s): cpu = 00:00:00 ; elapsed = 00:00:00 . Memory (MB): peak = 2569.930 ; gain = 0.000 ; free physical = 23883 ; free virtual = 29417
Ending Netlist Obfuscation Task | Checksum: 1a6c8c963

Time (s): cpu = 00:00:00 ; elapsed = 00:00:00 . Memory (MB): peak = 2569.930 ; gain = 0.000 ; free physical = 23883 ; free virtual = 29417
INFO: [Common 17-83] Releasing license: Implementation
25 Infos, 28 Warnings, 28 Critical Warnings and 0 Errors encountered.
opt_design completed successfully
opt_design: Time (s): cpu = 00:00:15 ; elapsed = 00:00:15 . Memory (MB): peak = 2569.930 ; gain = 851.578 ; free physical = 23883 ; free virtual = 29417
INFO: [Vivado 12-24828] Executing command : report_drc -file lab5_b_drc_opted.rpt -pb lab5_b_drc_opted.pb -rpx lab5_b_drc_opted.rpx
Command: report_drc -file lab5_b_drc_opted.rpt -pb lab5_b_drc_opted.pb -rpx lab5_b_drc_opted.rpx
INFO: [IP_Flow 19-234] Refreshing IP repositories
INFO: [IP_Flow 19-1704] No user IP repositories specified
INFO: [IP_Flow 19-2313] Loaded Vivado IP repository '/tools/Xilinx/Vivado/2024.2/data/ip'.
INFO: [DRC 23-27] Running DRC with 8 threads
INFO: [Vivado_Tcl 2-168] The results of DRC are in file /home/tahmed/project_1/project_1.runs/impl_1/lab5_b_drc_opted.rpt.
report_drc completed successfully
INFO: [Timing 38-480] Writing timing data to binary archive.
Write ShapeDB Complete: Time (s): cpu = 00:00:00.01 ; elapsed = 00:00:00 . Memory (MB): peak = 2569.930 ; gain = 0.000 ; free physical = 23873 ; free virtual = 29407
Wrote PlaceDB: Time (s): cpu = 00:00:00 ; elapsed = 00:00:00 . Memory (MB): peak = 2569.930 ; gain = 0.000 ; free physical = 23873 ; free virtual = 29407
Wrote PulsedLatchDB: Time (s): cpu = 00:00:00 ; elapsed = 00:00:00 . Memory (MB): peak = 2569.930 ; gain = 0.000 ; free physical = 23873 ; free virtual = 29407
Writing XDEF routing.
Writing XDEF routing logical nets.
Writing XDEF routing special nets.
Wrote RouteStorage: Time (s): cpu = 00:00:00.07 ; elapsed = 00:00:00.04 . Memory (MB): peak = 2569.930 ; gain = 0.000 ; free physical = 23873 ; free virtual = 29407
Wrote Netlist Cache: Time (s): cpu = 00:00:00 ; elapsed = 00:00:00 . Memory (MB): peak = 2569.930 ; gain = 0.000 ; free physical = 23873 ; free virtual = 29408
Wrote Device Cache: Time (s): cpu = 00:00:00.01 ; elapsed = 00:00:00 . Memory (MB): peak = 2569.930 ; gain = 0.000 ; free physical = 23873 ; free virtual = 29408
Write Physdb Complete: Time (s): cpu = 00:00:00.16 ; elapsed = 00:00:00.16 . Memory (MB): peak = 2569.930 ; gain = 0.000 ; free physical = 23872 ; free virtual = 29408
INFO: [Common 17-1381] The checkpoint '/home/tahmed/project_1/project_1.runs/impl_1/lab5_b_opt.dcp' has been generated.
Command: place_design
Attempting to get a license for feature 'Implementation' and/or device 'xc7a100t'
INFO: [Common 17-349] Got license for feature 'Implementation' and/or device 'xc7a100t'
INFO: [Common 17-83] Releasing license: Implementation
INFO: [DRC 23-27] Running DRC with 8 threads
INFO: [Vivado_Tcl 4-198] DRC finished with 0 Errors
INFO: [Vivado_Tcl 4-199] Please refer to the DRC report (report_drc) for more information.
Running DRC as a precondition to command place_design
INFO: [DRC 23-27] Running DRC with 8 threads
INFO: [Vivado_Tcl 4-198] DRC finished with 0 Errors
INFO: [Vivado_Tcl 4-199] Please refer to the DRC report (report_drc) for more information.
INFO: [Place 30-611] Multithreading enabled for place_design using a maximum of 8 CPUs

Starting Placer Task

Phase 1 Placer Initialization

Phase 1.1 Placer Initialization Netlist Sorting
Netlist sorting complete. Time (s): cpu = 00:00:00 ; elapsed = 00:00:00 . Memory (MB): peak = 2569.930 ; gain = 0.000 ; free physical = 23853 ; free virtual = 29388
Phase 1.1 Placer Initialization Netlist Sorting | Checksum: 18535054f

Time (s): cpu = 00:00:00 ; elapsed = 00:00:00 . Memory (MB): peak = 2569.930 ; gain = 0.000 ; free physical = 23853 ; free virtual = 29388
Netlist sorting complete. Time (s): cpu = 00:00:00 ; elapsed = 00:00:00 . Memory (MB): peak = 2569.930 ; gain = 0.000 ; free physical = 23853 ; free virtual = 29388

Phase 1.2 IO Placement/ Clock Placement/ Build Placer Device
INFO: [Timing 38-35] Done setting XDC timing constraints.
Phase 1.2 IO Placement/ Clock Placement/ Build Placer Device | Checksum: 18535054f

Time (s): cpu = 00:00:00.26 ; elapsed = 00:00:00.19 . Memory (MB): peak = 2569.930 ; gain = 0.000 ; free physical = 23849 ; free virtual = 29384

Phase 1.3 Build Placer Netlist Model
Phase 1.3 Build Placer Netlist Model | Checksum: 25a772fa0

Time (s): cpu = 00:00:00.33 ; elapsed = 00:00:00.23 . Memory (MB): peak = 2569.930 ; gain = 0.000 ; free physical = 23849 ; free virtual = 29384

Phase 1.4 Constrain Clocks/Macros
Phase 1.4 Constrain Clocks/Macros | Checksum: 25a772fa0

Time (s): cpu = 00:00:00.34 ; elapsed = 00:00:00.24 . Memory (MB): peak = 2569.930 ; gain = 0.000 ; free physical = 23849 ; free virtual = 29384
Phase 1 Placer Initialization | Checksum: 25a772fa0

Time (s): cpu = 00:00:00.34 ; elapsed = 00:00:00.25 . Memory (MB): peak = 2569.930 ; gain = 0.000 ; free physical = 23849 ; free virtual = 29384

Phase 2 Global Placement

Phase 2.1 Floorplanning
Phase 2.1 Floorplanning | Checksum: 25a772fa0

Time (s): cpu = 00:00:00.34 ; elapsed = 00:00:00.26 . Memory (MB): peak = 2569.930 ; gain = 0.000 ; free physical = 23848 ; free virtual = 29383

Phase 2.2 Update Timing before SLR Path Opt
Phase 2.2 Update Timing before SLR Path Opt | Checksum: 25a772fa0

Time (s): cpu = 00:00:00.34 ; elapsed = 00:00:00.26 . Memory (MB): peak = 2569.930 ; gain = 0.000 ; free physical = 23848 ; free virtual = 29383

Phase 2.3 Post-Processing in Floorplanning
Phase 2.3 Post-Processing in Floorplanning | Checksum: 25a772fa0

Time (s): cpu = 00:00:00.34 ; elapsed = 00:00:00.26 . Memory (MB): peak = 2569.930 ; gain = 0.000 ; free physical = 23848 ; free virtual = 29383

Phase 2.4 Global Place Phase1
Phase 2.4 Global Place Phase1 | Checksum: 26b0be483

Time (s): cpu = 00:00:00.9 ; elapsed = 00:00:00.49 . Memory (MB): peak = 2604.945 ; gain = 35.016 ; free physical = 23838 ; free virtual = 29373

Phase 2.5 Global Place Phase2
WARNING: [Place 46-29] Timing had been disabled during Placer and, therefore, physical synthesis in Placer will be skipped.
Phase 2.5 Global Place Phase2 | Checksum: 249574c8e

Time (s): cpu = 00:00:01 ; elapsed = 00:00:00.59 . Memory (MB): peak = 2604.945 ; gain = 35.016 ; free physical = 23838 ; free virtual = 29373
Phase 2 Global Placement | Checksum: 249574c8e

Time (s): cpu = 00:00:01 ; elapsed = 00:00:00.6 . Memory (MB): peak = 2604.945 ; gain = 35.016 ; free physical = 23838 ; free virtual = 29373

Phase 3 Detail Placement

Phase 3.1 Commit Multi Column Macros
Phase 3.1 Commit Multi Column Macros | Checksum: 249574c8e

Time (s): cpu = 00:00:01 ; elapsed = 00:00:00.6 . Memory (MB): peak = 2604.945 ; gain = 35.016 ; free physical = 23838 ; free virtual = 29373

Phase 3.2 Commit Most Macros & LUTRAMs
Phase 3.2 Commit Most Macros & LUTRAMs | Checksum: 1a528b0bf

Time (s): cpu = 00:00:01 ; elapsed = 00:00:00.61 . Memory (MB): peak = 2604.945 ; gain = 35.016 ; free physical = 23838 ; free virtual = 29373

Phase 3.3 Area Swap Optimization
Phase 3.3 Area Swap Optimization | Checksum: 191ade084

Time (s): cpu = 00:00:01 ; elapsed = 00:00:00.62 . Memory (MB): peak = 2604.945 ; gain = 35.016 ; free physical = 23838 ; free virtual = 29373

Phase 3.4 Pipeline Register Optimization
Phase 3.4 Pipeline Register Optimization | Checksum: 191ade084

Time (s): cpu = 00:00:01 ; elapsed = 00:00:00.62 . Memory (MB): peak = 2604.945 ; gain = 35.016 ; free physical = 23838 ; free virtual = 29373

Phase 3.5 Small Shape Detail Placement
Phase 3.5 Small Shape Detail Placement | Checksum: 2203bc574

Time (s): cpu = 00:00:01 ; elapsed = 00:00:00.78 . Memory (MB): peak = 2604.945 ; gain = 35.016 ; free physical = 23838 ; free virtual = 29373

Phase 3.6 Re-assign LUT pins
Phase 3.6 Re-assign LUT pins | Checksum: 2203bc574

Time (s): cpu = 00:00:01 ; elapsed = 00:00:00.78 . Memory (MB): peak = 2604.945 ; gain = 35.016 ; free physical = 23838 ; free virtual = 29373

Phase 3.7 Pipeline Register Optimization
Phase 3.7 Pipeline Register Optimization | Checksum: 2203bc574

Time (s): cpu = 00:00:01 ; elapsed = 00:00:00.79 . Memory (MB): peak = 2604.945 ; gain = 35.016 ; free physical = 23838 ; free virtual = 29373
Phase 3 Detail Placement | Checksum: 2203bc574

Time (s): cpu = 00:00:01 ; elapsed = 00:00:00.79 . Memory (MB): peak = 2604.945 ; gain = 35.016 ; free physical = 23838 ; free virtual = 29373

Phase 4 Post Placement Optimization and Clean-Up

Phase 4.1 Post Commit Optimization
Phase 4.1 Post Commit Optimization | Checksum: 2203bc574

Time (s): cpu = 00:00:02 ; elapsed = 00:00:00.85 . Memory (MB): peak = 2604.945 ; gain = 35.016 ; free physical = 23838 ; free virtual = 29373

Phase 4.2 Post Placement Cleanup
Phase 4.2 Post Placement Cleanup | Checksum: 2203bc574

Time (s): cpu = 00:00:02 ; elapsed = 00:00:00.86 . Memory (MB): peak = 2604.945 ; gain = 35.016 ; free physical = 23838 ; free virtual = 29373

Phase 4.3 Placer Reporting

Phase 4.3.1 Print Estimated Congestion
INFO: [Place 30-612] Post-Placement Estimated Congestion 
 ____________________________________________________
|           | Global Congestion | Short Congestion  |
| Direction | Region Size       | Region Size       |
|___________|___________________|___________________|
|      North|                1x1|                1x1|
|___________|___________________|___________________|
|      South|                1x1|                1x1|
|___________|___________________|___________________|
|       East|                1x1|                1x1|
|___________|___________________|___________________|
|       West|                1x1|                1x1|
|___________|___________________|___________________|

Phase 4.3.1 Print Estimated Congestion | Checksum: 2203bc574

Time (s): cpu = 00:00:02 ; elapsed = 00:00:00.86 . Memory (MB): peak = 2604.945 ; gain = 35.016 ; free physical = 23838 ; free virtual = 29373
Phase 4.3 Placer Reporting | Checksum: 2203bc574

Time (s): cpu = 00:00:02 ; elapsed = 00:00:00.86 . Memory (MB): peak = 2604.945 ; gain = 35.016 ; free physical = 23838 ; free virtual = 29373

Phase 4.4 Final Placement Cleanup
Netlist sorting complete. Time (s): cpu = 00:00:00 ; elapsed = 00:00:00 . Memory (MB): peak = 2604.945 ; gain = 0.000 ; free physical = 23838 ; free virtual = 29373

Time (s): cpu = 00:00:02 ; elapsed = 00:00:00.87 . Memory (MB): peak = 2604.945 ; gain = 35.016 ; free physical = 23838 ; free virtual = 29373
Phase 4 Post Placement Optimization and Clean-Up | Checksum: 2203bc574

Time (s): cpu = 00:00:02 ; elapsed = 00:00:00.87 . Memory (MB): peak = 2604.945 ; gain = 35.016 ; free physical = 23838 ; free virtual = 29373
Ending Placer Task | Checksum: 1a8745129

Time (s): cpu = 00:00:02 ; elapsed = 00:00:00.87 . Memory (MB): peak = 2604.945 ; gain = 35.016 ; free physical = 23838 ; free virtual = 29373
44 Infos, 29 Warnings, 28 Critical Warnings and 0 Errors encountered.
place_design completed successfully
INFO: [Vivado 12-24838] Running report commands "report_control_sets, report_io, report_utilization" in parallel.
Running report generation with 3 threads.
INFO: [Vivado 12-24828] Executing command : report_control_sets -verbose -file lab5_b_control_sets_placed.rpt
report_control_sets: Time (s): cpu = 00:00:00.2 ; elapsed = 00:00:00.17 . Memory (MB): peak = 2604.945 ; gain = 0.000 ; free physical = 23811 ; free virtual = 29346
INFO: [Vivado 12-24828] Executing command : report_utilization -file lab5_b_utilization_placed.rpt -pb lab5_b_utilization_placed.pb
INFO: [Vivado 12-24828] Executing command : report_io -file lab5_b_io_placed.rpt
report_io: Time (s): cpu = 00:00:00.42 ; elapsed = 00:00:00.31 . Memory (MB): peak = 2604.945 ; gain = 0.000 ; free physical = 23795 ; free virtual = 29329
Write ShapeDB Complete: Time (s): cpu = 00:00:00 ; elapsed = 00:00:00.01 . Memory (MB): peak = 2604.945 ; gain = 0.000 ; free physical = 23795 ; free virtual = 29330
INFO: [Timing 38-480] Writing timing data to binary archive.
Wrote PlaceDB: Time (s): cpu = 00:00:00 ; elapsed = 00:00:00 . Memory (MB): peak = 2604.945 ; gain = 0.000 ; free physical = 23795 ; free virtual = 29330
Wrote PulsedLatchDB: Time (s): cpu = 00:00:00 ; elapsed = 00:00:00 . Memory (MB): peak = 2604.945 ; gain = 0.000 ; free physical = 23795 ; free virtual = 29330
Writing XDEF routing.
Writing XDEF routing logical nets.
Writing XDEF routing special nets.
Wrote RouteStorage: Time (s): cpu = 00:00:00.07 ; elapsed = 00:00:00.04 . Memory (MB): peak = 2604.945 ; gain = 0.000 ; free physical = 23795 ; free virtual = 29330
Wrote Netlist Cache: Time (s): cpu = 00:00:00 ; elapsed = 00:00:00 . Memory (MB): peak = 2604.945 ; gain = 0.000 ; free physical = 23795 ; free virtual = 29330
Wrote Device Cache: Time (s): cpu = 00:00:00.01 ; elapsed = 00:00:00.01 . Memory (MB): peak = 2604.945 ; gain = 0.000 ; free physical = 23795 ; free virtual = 29330
Write Physdb Complete: Time (s): cpu = 00:00:00.14 ; elapsed = 00:00:00.15 . Memory (MB): peak = 2604.945 ; gain = 0.000 ; free physical = 23795 ; free virtual = 29330
INFO: [Common 17-1381] The checkpoint '/home/tahmed/project_1/project_1.runs/impl_1/lab5_b_placed.dcp' has been generated.
Command: phys_opt_design
Attempting to get a license for feature 'Implementation' and/or device 'xc7a100t'
INFO: [Common 17-349] Got license for feature 'Implementation' and/or device 'xc7a100t'

Starting Initial Update Timing Task

Time (s): cpu = 00:00:00 ; elapsed = 00:00:00.02 . Memory (MB): peak = 2604.945 ; gain = 0.000 ; free physical = 23785 ; free virtual = 29320
INFO: [Vivado_Tcl 4-235] No timing constraint found. The netlist was not modified.
INFO: [Common 17-83] Releasing license: Implementation
53 Infos, 29 Warnings, 28 Critical Warnings and 0 Errors encountered.
phys_opt_design completed successfully
INFO: [Timing 38-480] Writing timing data to binary archive.
Write ShapeDB Complete: Time (s): cpu = 00:00:00.01 ; elapsed = 00:00:00 . Memory (MB): peak = 2604.945 ; gain = 0.000 ; free physical = 23785 ; free virtual = 29320
Wrote PlaceDB: Time (s): cpu = 00:00:00 ; elapsed = 00:00:00 . Memory (MB): peak = 2604.945 ; gain = 0.000 ; free physical = 23785 ; free virtual = 29320
Wrote PulsedLatchDB: Time (s): cpu = 00:00:00 ; elapsed = 00:00:00 . Memory (MB): peak = 2604.945 ; gain = 0.000 ; free physical = 23785 ; free virtual = 29320
Writing XDEF routing.
Writing XDEF routing logical nets.
Writing XDEF routing special nets.
Wrote RouteStorage: Time (s): cpu = 00:00:00.07 ; elapsed = 00:00:00.04 . Memory (MB): peak = 2604.945 ; gain = 0.000 ; free physical = 23785 ; free virtual = 29320
Wrote Netlist Cache: Time (s): cpu = 00:00:00 ; elapsed = 00:00:00 . Memory (MB): peak = 2604.945 ; gain = 0.000 ; free physical = 23785 ; free virtual = 29320
Wrote Device Cache: Time (s): cpu = 00:00:00 ; elapsed = 00:00:00.01 . Memory (MB): peak = 2604.945 ; gain = 0.000 ; free physical = 23785 ; free virtual = 29321
Write Physdb Complete: Time (s): cpu = 00:00:00.13 ; elapsed = 00:00:00.15 . Memory (MB): peak = 2604.945 ; gain = 0.000 ; free physical = 23788 ; free virtual = 29324
INFO: [Common 17-1381] The checkpoint '/home/tahmed/project_1/project_1.runs/impl_1/lab5_b_physopt.dcp' has been generated.
Command: route_design
Attempting to get a license for feature 'Implementation' and/or device 'xc7a100t'
INFO: [Common 17-349] Got license for feature 'Implementation' and/or device 'xc7a100t'


Starting Routing Task
INFO: [Route 35-254] Multithreading enabled for route_design using a maximum of 8 CPUs

Phase 1 Build RT Design
Checksum: PlaceDB: 503f87d9 ConstDB: 0 ShapeSum: a66269ba RouteDB: b1d25f96
Post Restoration Checksum: NetGraph: 304d7680 | NumContArr: ec7330c3 | Constraints: c2a8fa9d | Timing: c2a8fa9d
Phase 1 Build RT Design | Checksum: 2a2129c7d

Time (s): cpu = 00:00:43 ; elapsed = 00:00:38 . Memory (MB): peak = 2721.965 ; gain = 117.020 ; free physical = 23673 ; free virtual = 29209

Phase 2 Router Initialization
INFO: [Route 35-64] No timing constraints were detected. The router will operate in resource-optimization mode.

Phase 2.1 Fix Topology Constraints
Phase 2.1 Fix Topology Constraints | Checksum: 2a2129c7d

Time (s): cpu = 00:00:43 ; elapsed = 00:00:39 . Memory (MB): peak = 2754.965 ; gain = 150.020 ; free physical = 23642 ; free virtual = 29177

Phase 2.2 Pre Route Cleanup
Phase 2.2 Pre Route Cleanup | Checksum: 2a2129c7d

Time (s): cpu = 00:00:43 ; elapsed = 00:00:39 . Memory (MB): peak = 2754.965 ; gain = 150.020 ; free physical = 23642 ; free virtual = 29177
 Number of Nodes with overlaps = 0

Router Utilization Summary
  Global Vertical Routing Utilization    = 0 %
  Global Horizontal Routing Utilization  = 0 %
  Routable Net Status*
  *Does not include unroutable nets such as driverless and loadless.
  Run report_route_status for detailed report.
  Number of Failed Nets               = 7
    (Failed Nets is the sum of unrouted and partially routed nets)
  Number of Unrouted Nets             = 7
  Number of Partially Routed Nets     = 0
  Number of Node Overlaps             = 0

Phase 2 Router Initialization | Checksum: 1fc4e4062

Time (s): cpu = 00:00:44 ; elapsed = 00:00:39 . Memory (MB): peak = 2785.168 ; gain = 180.223 ; free physical = 23617 ; free virtual = 29152

Phase 3 Global Routing
Phase 3 Global Routing | Checksum: 1fc4e4062

Time (s): cpu = 00:00:44 ; elapsed = 00:00:39 . Memory (MB): peak = 2785.168 ; gain = 180.223 ; free physical = 23617 ; free virtual = 29152

Phase 4 Initial Routing

Phase 4.1 Initial Net Routing Pass
Phase 4.1 Initial Net Routing Pass | Checksum: 1cb89a0a1

Time (s): cpu = 00:00:45 ; elapsed = 00:00:39 . Memory (MB): peak = 2785.168 ; gain = 180.223 ; free physical = 23617 ; free virtual = 29152
Phase 4 Initial Routing | Checksum: 1cb89a0a1

Time (s): cpu = 00:00:45 ; elapsed = 00:00:39 . Memory (MB): peak = 2785.168 ; gain = 180.223 ; free physical = 23617 ; free virtual = 29152

Phase 5 Rip-up And Reroute

Phase 5.1 Global Iteration 0
 Number of Nodes with overlaps = 0
Phase 5.1 Global Iteration 0 | Checksum: 1dca70454

Time (s): cpu = 00:00:45 ; elapsed = 00:00:39 . Memory (MB): peak = 2785.168 ; gain = 180.223 ; free physical = 23617 ; free virtual = 29152
Phase 5 Rip-up And Reroute | Checksum: 1dca70454

Time (s): cpu = 00:00:45 ; elapsed = 00:00:39 . Memory (MB): peak = 2785.168 ; gain = 180.223 ; free physical = 23617 ; free virtual = 29152

Phase 6 Delay and Skew Optimization
Phase 6 Delay and Skew Optimization | Checksum: 1dca70454

Time (s): cpu = 00:00:45 ; elapsed = 00:00:39 . Memory (MB): peak = 2785.168 ; gain = 180.223 ; free physical = 23617 ; free virtual = 29152

Phase 7 Post Hold Fix

Phase 7.1 Hold Fix Iter
Phase 7.1 Hold Fix Iter | Checksum: 1dca70454

Time (s): cpu = 00:00:45 ; elapsed = 00:00:39 . Memory (MB): peak = 2785.168 ; gain = 180.223 ; free physical = 23617 ; free virtual = 29152
Phase 7 Post Hold Fix | Checksum: 1dca70454

Time (s): cpu = 00:00:45 ; elapsed = 00:00:39 . Memory (MB): peak = 2785.168 ; gain = 180.223 ; free physical = 23617 ; free virtual = 29152

Phase 8 Route finalize

Router Utilization Summary
  Global Vertical Routing Utilization    = 0.00522261 %
  Global Horizontal Routing Utilization  = 0.0014919 %
  Routable Net Status*
  *Does not include unroutable nets such as driverless and loadless.
  Run report_route_status for detailed report.
  Number of Failed Nets               = 0
    (Failed Nets is the sum of unrouted and partially routed nets)
  Number of Unrouted Nets             = 0
  Number of Partially Routed Nets     = 0
  Number of Node Overlaps             = 0


--GLOBAL Congestion:
Utilization threshold used for congestion level computation: 0.85
Congestion Report
North Dir 1x1 Area, Max Cong = 11.7117%, No Congested Regions.
South Dir 1x1 Area, Max Cong = 10.8108%, No Congested Regions.
East Dir 1x1 Area, Max Cong = 2.94118%, No Congested Regions.
West Dir 1x1 Area, Max Cong = 2.94118%, No Congested Regions.

------------------------------
Reporting congestion hotspots
------------------------------
Direction: North
----------------
Congested clusters found at Level 0
Effective congestion level: 0 Aspect Ratio: 1 Sparse Ratio: 0
Direction: South
----------------
Congested clusters found at Level 0
Effective congestion level: 0 Aspect Ratio: 1 Sparse Ratio: 0
Direction: East
----------------
Congested clusters found at Level 0
Effective congestion level: 0 Aspect Ratio: 1 Sparse Ratio: 0
Direction: West
----------------
Congested clusters found at Level 0
Effective congestion level: 0 Aspect Ratio: 1 Sparse Ratio: 0

Phase 8 Route finalize | Checksum: 1dca70454

Time (s): cpu = 00:00:45 ; elapsed = 00:00:39 . Memory (MB): peak = 2785.168 ; gain = 180.223 ; free physical = 23617 ; free virtual = 29152

Phase 9 Verifying routed nets

 Verification completed successfully
Phase 9 Verifying routed nets | Checksum: 1dca70454

Time (s): cpu = 00:00:45 ; elapsed = 00:00:39 . Memory (MB): peak = 2785.168 ; gain = 180.223 ; free physical = 23617 ; free virtual = 29152

Phase 10 Depositing Routes
Phase 10 Depositing Routes | Checksum: 1d66f6718

Time (s): cpu = 00:00:45 ; elapsed = 00:00:39 . Memory (MB): peak = 2785.168 ; gain = 180.223 ; free physical = 23617 ; free virtual = 29152

Phase 11 Post Process Routing
Phase 11 Post Process Routing | Checksum: 1d66f6718

Time (s): cpu = 00:00:45 ; elapsed = 00:00:39 . Memory (MB): peak = 2785.168 ; gain = 180.223 ; free physical = 23617 ; free virtual = 29152
Total Elapsed time in route_design: 38.96 secs

Phase 12 Post-Route Event Processing
Phase 12 Post-Route Event Processing | Checksum: 18a2b0b2d

Time (s): cpu = 00:00:45 ; elapsed = 00:00:39 . Memory (MB): peak = 2785.168 ; gain = 180.223 ; free physical = 23617 ; free virtual = 29152
INFO: [Route 35-16] Router Completed Successfully
Ending Routing Task | Checksum: 18a2b0b2d

Time (s): cpu = 00:00:45 ; elapsed = 00:00:39 . Memory (MB): peak = 2785.168 ; gain = 180.223 ; free physical = 23617 ; free virtual = 29152

Routing Is Done.
INFO: [Common 17-83] Releasing license: Implementation
60 Infos, 29 Warnings, 28 Critical Warnings and 0 Errors encountered.
route_design completed successfully
route_design: Time (s): cpu = 00:00:45 ; elapsed = 00:00:39 . Memory (MB): peak = 2785.168 ; gain = 180.223 ; free physical = 23617 ; free virtual = 29152
INFO: [Vivado 12-24828] Executing command : report_drc -file lab5_b_drc_routed.rpt -pb lab5_b_drc_routed.pb -rpx lab5_b_drc_routed.rpx
Command: report_drc -file lab5_b_drc_routed.rpt -pb lab5_b_drc_routed.pb -rpx lab5_b_drc_routed.rpx
INFO: [IP_Flow 19-1839] IP Catalog is up to date.
INFO: [DRC 23-27] Running DRC with 8 threads
INFO: [Vivado_Tcl 2-168] The results of DRC are in file /home/tahmed/project_1/project_1.runs/impl_1/lab5_b_drc_routed.rpt.
report_drc completed successfully
INFO: [Vivado 12-24828] Executing command : report_methodology -file lab5_b_methodology_drc_routed.rpt -pb lab5_b_methodology_drc_routed.pb -rpx lab5_b_methodology_drc_routed.rpx
Command: report_methodology -file lab5_b_methodology_drc_routed.rpt -pb lab5_b_methodology_drc_routed.pb -rpx lab5_b_methodology_drc_routed.rpx
INFO: [Timing 38-35] Done setting XDC timing constraints.
INFO: [DRC 23-133] Running Methodology with 8 threads
INFO: [Vivado_Tcl 2-1520] The results of Report Methodology are in file /home/tahmed/project_1/project_1.runs/impl_1/lab5_b_methodology_drc_routed.rpt.
report_methodology completed successfully
INFO: [Vivado 12-24828] Executing command : report_timing_summary -max_paths 10 -report_unconstrained -file lab5_b_timing_summary_routed.rpt -pb lab5_b_timing_summary_routed.pb -rpx lab5_b_timing_summary_routed.rpx -warn_on_violation 
INFO: [Timing 38-35] Done setting XDC timing constraints.
INFO: [Timing 38-91] UpdateTimingParams: Speed grade: -1, Delay Type: min_max.
INFO: [Timing 38-191] Multithreading enabled for timing update using a maximum of 8 CPUs
WARNING: [Timing 38-313] There are no user specified timing constraints. Timing constraints are needed for proper timing analysis.
INFO: [Vivado 12-24838] Running report commands "report_bus_skew, report_incremental_reuse, report_route_status" in parallel.
Running report generation with 3 threads.
INFO: [Vivado 12-24828] Executing command : report_route_status -file lab5_b_route_status.rpt -pb lab5_b_route_status.pb
INFO: [Vivado 12-24828] Executing command : report_incremental_reuse -file lab5_b_incremental_reuse_routed.rpt
INFO: [Vivado_Tcl 4-1062] Incremental flow is disabled. No incremental reuse Info to report.
INFO: [Vivado 12-24828] Executing command : report_bus_skew -warn_on_violation -file lab5_b_bus_skew_routed.rpt -pb lab5_b_bus_skew_routed.pb -rpx lab5_b_bus_skew_routed.rpx
INFO: [Timing 38-91] UpdateTimingParams: Speed grade: -1, Delay Type: min_max.
INFO: [Timing 38-191] Multithreading enabled for timing update using a maximum of 8 CPUs
INFO: [Vivado 12-24828] Executing command : report_power -file lab5_b_power_routed.rpt -pb lab5_b_power_summary_routed.pb -rpx lab5_b_power_routed.rpx
Command: report_power -file lab5_b_power_routed.rpt -pb lab5_b_power_summary_routed.pb -rpx lab5_b_power_routed.rpx
WARNING: [Power 33-232] No user defined clocks were found in the design! Power estimation will be inaccurate until this is corrected.
Resolution: Please specify clocks using create_clock/create_generated_clock for sequential elements. For pure combinatorial circuits, please specify a virtual clock, otherwise the vectorless estimation might be inaccurate
Running Vector-less Activity Propagation...

Finished Running Vector-less Activity Propagation
80 Infos, 31 Warnings, 28 Critical Warnings and 0 Errors encountered.
report_power completed successfully
INFO: [Vivado 12-24828] Executing command : report_clock_utilization -file lab5_b_clock_utilization_routed.rpt
Write ShapeDB Complete: Time (s): cpu = 00:00:00 ; elapsed = 00:00:00 . Memory (MB): peak = 2852.035 ; gain = 0.000 ; free physical = 23599 ; free virtual = 29134
INFO: [Timing 38-480] Writing timing data to binary archive.
Wrote PlaceDB: Time (s): cpu = 00:00:00 ; elapsed = 00:00:00.01 . Memory (MB): peak = 2852.035 ; gain = 0.000 ; free physical = 23599 ; free virtual = 29134
Wrote PulsedLatchDB: Time (s): cpu = 00:00:00 ; elapsed = 00:00:00 . Memory (MB): peak = 2852.035 ; gain = 0.000 ; free physical = 23599 ; free virtual = 29134
Writing XDEF routing.
Writing XDEF routing logical nets.
Writing XDEF routing special nets.
Wrote RouteStorage: Time (s): cpu = 00:00:00.08 ; elapsed = 00:00:00.04 . Memory (MB): peak = 2852.035 ; gain = 0.000 ; free physical = 23600 ; free virtual = 29136
Wrote Netlist Cache: Time (s): cpu = 00:00:00 ; elapsed = 00:00:00 . Memory (MB): peak = 2852.035 ; gain = 0.000 ; free physical = 23600 ; free virtual = 29136
Wrote Device Cache: Time (s): cpu = 00:00:00.02 ; elapsed = 00:00:00.01 . Memory (MB): peak = 2852.035 ; gain = 0.000 ; free physical = 23600 ; free virtual = 29136
Write Physdb Complete: Time (s): cpu = 00:00:00.15 ; elapsed = 00:00:00.16 . Memory (MB): peak = 2852.035 ; gain = 0.000 ; free physical = 23600 ; free virtual = 29136
INFO: [Common 17-1381] The checkpoint '/home/tahmed/project_1/project_1.runs/impl_1/lab5_b_routed.dcp' has been generated.
Command: write_bitstream -force lab5_b.bit
Attempting to get a license for feature 'Implementation' and/or device 'xc7a100t'
INFO: [Common 17-349] Got license for feature 'Implementation' and/or device 'xc7a100t'
Running DRC as a precondition to command write_bitstream
INFO: [IP_Flow 19-1839] IP Catalog is up to date.
INFO: [DRC 23-27] Running DRC with 8 threads
INFO: [Vivado 12-3199] DRC finished with 0 Errors
INFO: [Vivado 12-3200] Please refer to the DRC report (report_drc) for more information.
INFO: [Designutils 20-2272] Running write_bitstream with 8 threads.
Loading data files...
Loading site data...
Loading route data...
Processing options...
Creating bitmap...
Creating bitstream...
Writing bitstream ./lab5_b.bit...
INFO: [Vivado 12-1842] Bitgen Completed Successfully.
INFO: [Project 1-1876] WebTalk data collection is mandatory when using a ULT device. To see the specific WebTalk data collected for your design, open the usage_statistics_webtalk.html or usage_statistics_webtalk.xml file in the implementation directory.
INFO: [Common 17-83] Releasing license: Implementation
92 Infos, 31 Warnings, 28 Critical Warnings and 0 Errors encountered.
write_bitstream completed successfully
write_bitstream: Time (s): cpu = 00:00:12 ; elapsed = 00:00:21 . Memory (MB): peak = 3134.051 ; gain = 282.016 ; free physical = 23276 ; free virtual = 28815
INFO: [Common 17-206] Exiting Vivado at Wed Nov 12 21:52:54 2025...
